2025-09-22T16:56:06.911-05:00  INFO 11872 --- [exame] [main] com.example.exame.ExameApplication       : Starting ExameApplication using Java 21.0.6 with PID 11872 (C:\Users\alum.fial1\Documents\lp\exame\target\classes started by alum.fial1 in C:\Users\alum.fial1\Documents\lp\exame)
2025-09-22T16:56:06.913-05:00  INFO 11872 --- [exame] [main] com.example.exame.ExameApplication       : No active profile set, falling back to 1 default profile: "default"
2025-09-22T16:56:07.978-05:00  INFO 11872 --- [exame] [main] .s.d.r.c.RepositoryConfigurationDelegate : Bootstrapping Spring Data JPA repositories in DEFAULT mode.
2025-09-22T16:56:08.137-05:00  INFO 11872 --- [exame] [main] .s.d.r.c.RepositoryConfigurationDelegate : Finished Spring Data repository scanning in 147 ms. Found 4 JPA repository interfaces.
2025-09-22T16:56:08.699-05:00  INFO 11872 --- [exame] [main] o.s.b.w.embedded.tomcat.TomcatWebServer  : Tomcat initialized with port 9090 (http)
2025-09-22T16:56:08.713-05:00  INFO 11872 --- [exame] [main] o.apache.catalina.core.StandardService   : Starting service [Tomcat]
2025-09-22T16:56:08.714-05:00  INFO 11872 --- [exame] [main] o.apache.catalina.core.StandardEngine    : Starting Servlet engine: [Apache Tomcat/10.1.44]
2025-09-22T16:56:08.784-05:00  INFO 11872 --- [exame] [main] o.a.c.c.C.[Tomcat].[localhost].[/]       : Initializing Spring embedded WebApplicationContext
2025-09-22T16:56:08.784-05:00  INFO 11872 --- [exame] [main] w.s.c.ServletWebServerApplicationContext : Root WebApplicationContext: initialization completed in 1826 ms
2025-09-22T16:56:09.048-05:00  INFO 11872 --- [exame] [main] o.hibernate.jpa.internal.util.LogHelper  : HHH000204: Processing PersistenceUnitInfo [name: default]
2025-09-22T16:56:09.147-05:00  INFO 11872 --- [exame] [main] org.hibernate.Version                    : HHH000412: Hibernate ORM core version 6.6.26.Final
2025-09-22T16:56:09.184-05:00  INFO 11872 --- [exame] [main] o.h.c.internal.RegionFactoryInitiator    : HHH000026: Second-level cache disabled
2025-09-22T16:56:09.517-05:00  INFO 11872 --- [exame] [main] o.s.o.j.p.SpringPersistenceUnitInfo      : No LoadTimeWeaver setup: ignoring JPA class transformer
2025-09-22T16:56:09.547-05:00  INFO 11872 --- [exame] [main] com.zaxxer.hikari.HikariDataSource       : HikariPool-1 - Starting...
2025-09-22T16:56:10.048-05:00  INFO 11872 --- [exame] [main] com.zaxxer.hikari.pool.HikariPool        : HikariPool-1 - Added connection oracle.jdbc.driver.T4CConnection@58fbcb71
2025-09-22T16:56:10.050-05:00  INFO 11872 --- [exame] [main] com.zaxxer.hikari.HikariDataSource       : HikariPool-1 - Start completed.
2025-09-22T16:56:10.356-05:00  INFO 11872 --- [exame] [main] org.hibernate.orm.connections.pooling    : HHH10001005: Database info:
	Database JDBC URL [Connecting through datasource 'HikariDataSource (HikariPool-1)']
	Database driver: undefined/unknown
	Database version: 21.3
	Autocommit mode: undefined/unknown
	Isolation level: undefined/unknown
	Minimum pool size: undefined/unknown
	Maximum pool size: undefined/unknown
2025-09-22T16:56:11.418-05:00  INFO 11872 --- [exame] [main] o.h.e.t.j.p.i.JtaPlatformInitiator       : HHH000489: No JTA platform available (set 'hibernate.transaction.jta.platform' to enable JTA platform integration)
2025-09-22T16:56:12.628-05:00  INFO 11872 --- [exame] [main] j.LocalContainerEntityManagerFactoryBean : Initialized JPA EntityManagerFactory for persistence unit 'default'
2025-09-22T16:56:13.496-05:00  INFO 11872 --- [exame] [main] o.s.b.w.embedded.tomcat.TomcatWebServer  : Tomcat started on port 9090 (http) with context path '/'
2025-09-22T16:56:13.504-05:00  INFO 11872 --- [exame] [main] com.example.exame.ExameApplication       : Started ExameApplication in 7.097 seconds (process running for 7.793)
2025-09-22T16:58:28.829-05:00  INFO 11872 --- [exame] [http-nio-9090-exec-1] o.a.c.c.C.[Tomcat].[localhost].[/]       : Initializing Spring DispatcherServlet 'dispatcherServlet'
2025-09-22T16:58:28.829-05:00  INFO 11872 --- [exame] [http-nio-9090-exec-1] o.s.web.servlet.DispatcherServlet        : Initializing Servlet 'dispatcherServlet'
2025-09-22T16:58:28.831-05:00  INFO 11872 --- [exame] [http-nio-9090-exec-1] o.s.web.servlet.DispatcherServlet        : Completed initialization in 1 ms
2025-09-22T17:07:28.482-05:00  WARN 11872 --- [exame] [http-nio-9090-exec-6] o.h.engine.jdbc.spi.SqlExceptionHelper   : SQL Error: 1, SQLState: 23000
2025-09-22T17:07:28.482-05:00 ERROR 11872 --- [exame] [http-nio-9090-exec-6] o.h.engine.jdbc.spi.SqlExceptionHelper   : ORA-00001: restricción única (EXAME.SYS_C008390) violada

https://docs.oracle.com/error-help/db/ora-00001/
2025-09-22T17:35:14.036-05:00  WARN 11872 --- [exame] [http-nio-9090-exec-5] o.h.engine.jdbc.spi.SqlExceptionHelper   : SQL Error: 1, SQLState: 23000
2025-09-22T17:35:14.036-05:00 ERROR 11872 --- [exame] [http-nio-9090-exec-5] o.h.engine.jdbc.spi.SqlExceptionHelper   : ORA-00001: restricción única (EXAME.SYS_C008385) violada

https://docs.oracle.com/error-help/db/ora-00001/
2025-09-22T17:37:29.940-05:00  WARN 11872 --- [exame] [http-nio-9090-exec-1] o.s.web.servlet.PageNotFound             : No mapping for POST /api/v1/detalle
2025-09-22T17:39:35.933-05:00  WARN 11872 --- [exame] [http-nio-9090-exec-5] o.s.web.servlet.PageNotFound             : No mapping for GET /api/v1/alqui
2025-09-22T17:42:39.226-05:00  INFO 11872 --- [exame] [SpringApplicationShutdownHook] o.s.b.w.e.tomcat.GracefulShutdown        : Commencing graceful shutdown. Waiting for active requests to complete
2025-09-22T17:42:39.231-05:00  INFO 11872 --- [exame] [tomcat-shutdown] o.s.b.w.e.tomcat.GracefulShutdown        : Graceful shutdown complete
2025-09-22T17:42:39.236-05:00  INFO 11872 --- [exame] [SpringApplicationShutdownHook] j.LocalContainerEntityManagerFactoryBean : Closing JPA EntityManagerFactory for persistence unit 'default'
2025-09-22T17:42:39.238-05:00  INFO 11872 --- [exame] [SpringApplicationShutdownHook] com.zaxxer.hikari.HikariDataSource       : HikariPool-1 - Shutdown initiated...
2025-09-22T17:42:39.256-05:00  INFO 11872 --- [exame] [SpringApplicationShutdownHook] com.zaxxer.hikari.HikariDataSource       : HikariPool-1 - Shutdown completed.
2025-09-22T17:43:01.490-05:00  INFO 14316 --- [exame] [main] com.example.exame.ExameApplication       : Starting ExameApplication using Java 21.0.6 with PID 14316 (C:\Users\alum.fial1\Documents\lp\exame\target\classes started by alum.fial1 in C:\Users\alum.fial1\Documents\lp\exame)
2025-09-22T17:43:01.492-05:00  INFO 14316 --- [exame] [main] com.example.exame.ExameApplication       : No active profile set, falling back to 1 default profile: "default"
2025-09-22T17:43:02.411-05:00  INFO 14316 --- [exame] [main] .s.d.r.c.RepositoryConfigurationDelegate : Bootstrapping Spring Data JPA repositories in DEFAULT mode.
2025-09-22T17:43:02.493-05:00  INFO 14316 --- [exame] [main] .s.d.r.c.RepositoryConfigurationDelegate : Finished Spring Data repository scanning in 72 ms. Found 4 JPA repository interfaces.
2025-09-22T17:43:02.982-05:00  INFO 14316 --- [exame] [main] o.s.b.w.embedded.tomcat.TomcatWebServer  : Tomcat initialized with port 9090 (http)
2025-09-22T17:43:02.998-05:00  INFO 14316 --- [exame] [main] o.apache.catalina.core.StandardService   : Starting service [Tomcat]
2025-09-22T17:43:02.999-05:00  INFO 14316 --- [exame] [main] o.apache.catalina.core.StandardEngine    : Starting Servlet engine: [Apache Tomcat/10.1.44]
2025-09-22T17:43:03.087-05:00  INFO 14316 --- [exame] [main] o.a.c.c.C.[Tomcat].[localhost].[/]       : Initializing Spring embedded WebApplicationContext
2025-09-22T17:43:03.088-05:00  INFO 14316 --- [exame] [main] w.s.c.ServletWebServerApplicationContext : Root WebApplicationContext: initialization completed in 1542 ms
2025-09-22T17:43:03.351-05:00  INFO 14316 --- [exame] [main] o.hibernate.jpa.internal.util.LogHelper  : HHH000204: Processing PersistenceUnitInfo [name: default]
2025-09-22T17:43:03.412-05:00  INFO 14316 --- [exame] [main] org.hibernate.Version                    : HHH000412: Hibernate ORM core version 6.6.26.Final
2025-09-22T17:43:03.508-05:00  INFO 14316 --- [exame] [main] o.h.c.internal.RegionFactoryInitiator    : HHH000026: Second-level cache disabled
2025-09-22T17:43:03.850-05:00  INFO 14316 --- [exame] [main] o.s.o.j.p.SpringPersistenceUnitInfo      : No LoadTimeWeaver setup: ignoring JPA class transformer
2025-09-22T17:43:03.883-05:00  INFO 14316 --- [exame] [main] com.zaxxer.hikari.HikariDataSource       : HikariPool-1 - Starting...
2025-09-22T17:43:04.340-05:00  INFO 14316 --- [exame] [main] com.zaxxer.hikari.pool.HikariPool        : HikariPool-1 - Added connection oracle.jdbc.driver.T4CConnection@58fbcb71
2025-09-22T17:43:04.341-05:00  INFO 14316 --- [exame] [main] com.zaxxer.hikari.HikariDataSource       : HikariPool-1 - Start completed.
2025-09-22T17:43:04.687-05:00  INFO 14316 --- [exame] [main] org.hibernate.orm.connections.pooling    : HHH10001005: Database info:
	Database JDBC URL [Connecting through datasource 'HikariDataSource (HikariPool-1)']
	Database driver: undefined/unknown
	Database version: 21.3
	Autocommit mode: undefined/unknown
	Isolation level: undefined/unknown
	Minimum pool size: undefined/unknown
	Maximum pool size: undefined/unknown
2025-09-22T17:43:05.743-05:00  INFO 14316 --- [exame] [main] o.h.e.t.j.p.i.JtaPlatformInitiator       : HHH000489: No JTA platform available (set 'hibernate.transaction.jta.platform' to enable JTA platform integration)
2025-09-22T17:43:05.947-05:00  INFO 14316 --- [exame] [main] j.LocalContainerEntityManagerFactoryBean : Initialized JPA EntityManagerFactory for persistence unit 'default'
2025-09-22T17:43:06.788-05:00  INFO 14316 --- [exame] [main] o.s.b.w.embedded.tomcat.TomcatWebServer  : Tomcat started on port 9090 (http) with context path '/'
2025-09-22T17:43:06.797-05:00  INFO 14316 --- [exame] [main] com.example.exame.ExameApplication       : Started ExameApplication in 5.883 seconds (process running for 6.528)
2025-09-22T17:47:50.642-05:00  INFO 14316 --- [exame] [http-nio-9090-exec-1] o.a.c.c.C.[Tomcat].[localhost].[/]       : Initializing Spring DispatcherServlet 'dispatcherServlet'
2025-09-22T17:47:50.643-05:00  INFO 14316 --- [exame] [http-nio-9090-exec-1] o.s.web.servlet.DispatcherServlet        : Initializing Servlet 'dispatcherServlet'
2025-09-22T17:47:50.645-05:00  INFO 14316 --- [exame] [http-nio-9090-exec-1] o.s.web.servlet.DispatcherServlet        : Completed initialization in 1 ms
2025-09-22T18:08:39.656-05:00  WARN 14316 --- [exame] [http-nio-9090-exec-8] o.h.engine.jdbc.spi.SqlExceptionHelper   : SQL Error: 2292, SQLState: 23000
2025-09-22T18:08:39.656-05:00 ERROR 14316 --- [exame] [http-nio-9090-exec-8] o.h.engine.jdbc.spi.SqlExceptionHelper   : ORA-02292: restricción de integridad (EXAME.FKKF3XYT1SPUT6ELMX1770B8I8) violada - registro secundario encontrado

https://docs.oracle.com/error-help/db/ora-02292/
2025-09-22T18:12:58.141-05:00  INFO 14316 --- [exame] [SpringApplicationShutdownHook] o.s.b.w.e.tomcat.GracefulShutdown        : Commencing graceful shutdown. Waiting for active requests to complete
2025-09-22T18:12:58.146-05:00  INFO 14316 --- [exame] [tomcat-shutdown] o.s.b.w.e.tomcat.GracefulShutdown        : Graceful shutdown complete
2025-09-22T18:12:58.151-05:00  INFO 14316 --- [exame] [SpringApplicationShutdownHook] j.LocalContainerEntityManagerFactoryBean : Closing JPA EntityManagerFactory for persistence unit 'default'
2025-09-22T18:12:58.153-05:00  INFO 14316 --- [exame] [SpringApplicationShutdownHook] com.zaxxer.hikari.HikariDataSource       : HikariPool-1 - Shutdown initiated...
2025-09-22T18:12:58.168-05:00  INFO 14316 --- [exame] [SpringApplicationShutdownHook] com.zaxxer.hikari.HikariDataSource       : HikariPool-1 - Shutdown completed.
2025-09-22T18:13:08.256-05:00  INFO 3444 --- [exame] [main] com.example.exame.ExameApplication       : Starting ExameApplication using Java 21.0.6 with PID 3444 (C:\Users\alum.fial1\Documents\lp\exame\target\classes started by alum.fial1 in C:\Users\alum.fial1\Documents\lp\exame)
2025-09-22T18:13:08.260-05:00  INFO 3444 --- [exame] [main] com.example.exame.ExameApplication       : No active profile set, falling back to 1 default profile: "default"
2025-09-22T18:13:09.554-05:00  INFO 3444 --- [exame] [main] .s.d.r.c.RepositoryConfigurationDelegate : Bootstrapping Spring Data JPA repositories in DEFAULT mode.
2025-09-22T18:13:09.674-05:00  INFO 3444 --- [exame] [main] .s.d.r.c.RepositoryConfigurationDelegate : Finished Spring Data repository scanning in 102 ms. Found 4 JPA repository interfaces.
2025-09-22T18:13:10.320-05:00  INFO 3444 --- [exame] [main] o.s.b.w.embedded.tomcat.TomcatWebServer  : Tomcat initialized with port 9090 (http)
2025-09-22T18:13:10.340-05:00  INFO 3444 --- [exame] [main] o.apache.catalina.core.StandardService   : Starting service [Tomcat]
2025-09-22T18:13:10.340-05:00  INFO 3444 --- [exame] [main] o.apache.catalina.core.StandardEngine    : Starting Servlet engine: [Apache Tomcat/10.1.44]
2025-09-22T18:13:10.414-05:00  INFO 3444 --- [exame] [main] o.a.c.c.C.[Tomcat].[localhost].[/]       : Initializing Spring embedded WebApplicationContext
2025-09-22T18:13:10.414-05:00  INFO 3444 --- [exame] [main] w.s.c.ServletWebServerApplicationContext : Root WebApplicationContext: initialization completed in 2084 ms
2025-09-22T18:13:10.680-05:00  INFO 3444 --- [exame] [main] o.hibernate.jpa.internal.util.LogHelper  : HHH000204: Processing PersistenceUnitInfo [name: default]
2025-09-22T18:13:10.782-05:00  INFO 3444 --- [exame] [main] org.hibernate.Version                    : HHH000412: Hibernate ORM core version 6.6.26.Final
2025-09-22T18:13:10.835-05:00  INFO 3444 --- [exame] [main] o.h.c.internal.RegionFactoryInitiator    : HHH000026: Second-level cache disabled
2025-09-22T18:13:11.288-05:00  INFO 3444 --- [exame] [main] o.s.o.j.p.SpringPersistenceUnitInfo      : No LoadTimeWeaver setup: ignoring JPA class transformer
2025-09-22T18:13:11.343-05:00  INFO 3444 --- [exame] [main] com.zaxxer.hikari.HikariDataSource       : HikariPool-1 - Starting...
2025-09-22T18:13:11.881-05:00  INFO 3444 --- [exame] [main] com.zaxxer.hikari.pool.HikariPool        : HikariPool-1 - Added connection oracle.jdbc.driver.T4CConnection@1b28cff
2025-09-22T18:13:11.884-05:00  INFO 3444 --- [exame] [main] com.zaxxer.hikari.HikariDataSource       : HikariPool-1 - Start completed.
2025-09-22T18:13:12.328-05:00  INFO 3444 --- [exame] [main] org.hibernate.orm.connections.pooling    : HHH10001005: Database info:
	Database JDBC URL [Connecting through datasource 'HikariDataSource (HikariPool-1)']
	Database driver: undefined/unknown
	Database version: 21.3
	Autocommit mode: undefined/unknown
	Isolation level: undefined/unknown
	Minimum pool size: undefined/unknown
	Maximum pool size: undefined/unknown
2025-09-22T18:13:13.981-05:00  INFO 3444 --- [exame] [main] o.h.e.t.j.p.i.JtaPlatformInitiator       : HHH000489: No JTA platform available (set 'hibernate.transaction.jta.platform' to enable JTA platform integration)
2025-09-22T18:13:14.181-05:00  INFO 3444 --- [exame] [main] j.LocalContainerEntityManagerFactoryBean : Initialized JPA EntityManagerFactory for persistence unit 'default'
2025-09-22T18:13:15.275-05:00  INFO 3444 --- [exame] [main] o.s.b.w.embedded.tomcat.TomcatWebServer  : Tomcat started on port 9090 (http) with context path '/'
2025-09-22T18:13:15.288-05:00  INFO 3444 --- [exame] [main] com.example.exame.ExameApplication       : Started ExameApplication in 7.826 seconds (process running for 10.311)
